1657993142.302728 client started (1681176): version 3.0a, socket /tmp/tmux-1000/default, protocol 8
1657993142.302749 on Linux 5.13.0-52-generic #59~20.04.1-Ubuntu SMP Thu Jun 16 21:21:28 UTC 2022; libevent 2.1.11-stable (poll)
1657993142.302764 socket is /tmp/tmux-1000/default
1657993142.302774 trying connect
1657993142.302822 add peer 0x56295a856ca0: 6 ((nil))
1657993142.302878 sending message 100 to peer 0x56295a856ca0 (4 bytes)
1657993142.302883 sending message 101 to peer 0x56295a856ca0 (16 bytes)
1657993142.302886 sending message 102 to peer 0x56295a856ca0 (11 bytes)
1657993142.302889 sending message 108 to peer 0x56295a856ca0 (17 bytes)
1657993142.302893 sending message 104 to peer 0x56295a856ca0 (0 bytes)
1657993142.302896 sending message 107 to peer 0x56295a856ca0 (4 bytes)
1657993142.302899 sending message 105 to peer 0x56295a856ca0 (37 bytes)
1657993142.302902 sending message 105 to peer 0x56295a856ca0 (41 bytes)
1657993142.302905 sending message 105 to peer 0x56295a856ca0 (130 bytes)
1657993142.302908 sending message 105 to peer 0x56295a856ca0 (24 bytes)
1657993142.302911 sending message 105 to peer 0x56295a856ca0 (67 bytes)
1657993142.302914 sending message 105 to peer 0x56295a856ca0 (53 bytes)
1657993142.302917 sending message 105 to peer 0x56295a856ca0 (18 bytes)
1657993142.302920 sending message 105 to peer 0x56295a856ca0 (20 bytes)
1657993142.302923 sending message 105 to peer 0x56295a856ca0 (26 bytes)
1657993142.302925 sending message 105 to peer 0x56295a856ca0 (29 bytes)
1657993142.302928 sending message 105 to peer 0x56295a856ca0 (54 bytes)
1657993142.302931 sending message 105 to peer 0x56295a856ca0 (50 bytes)
1657993142.302934 sending message 105 to peer 0x56295a856ca0 (22 bytes)
1657993142.302937 sending message 105 to peer 0x56295a856ca0 (11 bytes)
1657993142.302940 sending message 105 to peer 0x56295a856ca0 (55 bytes)
1657993142.302950 sending message 105 to peer 0x56295a856ca0 (57 bytes)
1657993142.302955 sending message 105 to peer 0x56295a856ca0 (134 bytes)
1657993142.302958 sending message 105 to peer 0x56295a856ca0 (17 bytes)
1657993142.302961 sending message 105 to peer 0x56295a856ca0 (15 bytes)
1657993142.302964 sending message 105 to peer 0x56295a856ca0 (44 bytes)
1657993142.302967 sending message 105 to peer 0x56295a856ca0 (72 bytes)
1657993142.302970 sending message 105 to peer 0x56295a856ca0 (86 bytes)
1657993142.302973 sending message 105 to peer 0x56295a856ca0 (31 bytes)
1657993142.302976 sending message 105 to peer 0x56295a856ca0 (52 bytes)
1657993142.302979 sending message 105 to peer 0x56295a856ca0 (31 bytes)
1657993142.302982 sending message 105 to peer 0x56295a856ca0 (10 bytes)
1657993142.302984 sending message 105 to peer 0x56295a856ca0 (20 bytes)
1657993142.302987 sending message 105 to peer 0x56295a856ca0 (45 bytes)
1657993142.302990 sending message 105 to peer 0x56295a856ca0 (17 bytes)
1657993142.302993 sending message 105 to peer 0x56295a856ca0 (18 bytes)
1657993142.302996 sending message 105 to peer 0x56295a856ca0 (47 bytes)
1657993142.302999 sending message 105 to peer 0x56295a856ca0 (35 bytes)
1657993142.303001 sending message 105 to peer 0x56295a856ca0 (23 bytes)
1657993142.303004 sending message 105 to peer 0x56295a856ca0 (17 bytes)
1657993142.303007 sending message 105 to peer 0x56295a856ca0 (27 bytes)
1657993142.303010 sending message 105 to peer 0x56295a856ca0 (23 bytes)
1657993142.303012 sending message 105 to peer 0x56295a856ca0 (30 bytes)
1657993142.303015 sending message 105 to peer 0x56295a856ca0 (27 bytes)
1657993142.303018 sending message 105 to peer 0x56295a856ca0 (24 bytes)
1657993142.303021 sending message 105 to peer 0x56295a856ca0 (20 bytes)
1657993142.303024 sending message 105 to peer 0x56295a856ca0 (23 bytes)
1657993142.303026 sending message 105 to peer 0x56295a856ca0 (21 bytes)
1657993142.303029 sending message 105 to peer 0x56295a856ca0 (25 bytes)
1657993142.303032 sending message 105 to peer 0x56295a856ca0 (20 bytes)
1657993142.303035 sending message 105 to peer 0x56295a856ca0 (30 bytes)
1657993142.303038 sending message 105 to peer 0x56295a856ca0 (8 bytes)
1657993142.303046 sending message 105 to peer 0x56295a856ca0 (14 bytes)
1657993142.303049 sending message 105 to peer 0x56295a856ca0 (32 bytes)
1657993142.303052 sending message 105 to peer 0x56295a856ca0 (1506 bytes)
1657993142.303057 sending message 105 to peer 0x56295a856ca0 (32 bytes)
1657993142.303060 sending message 105 to peer 0x56295a856ca0 (16 bytes)
1657993142.303063 sending message 105 to peer 0x56295a856ca0 (53 bytes)
1657993142.303065 sending message 105 to peer 0x56295a856ca0 (31 bytes)
1657993142.303068 sending message 105 to peer 0x56295a856ca0 (40 bytes)
1657993142.303071 sending message 105 to peer 0x56295a856ca0 (57 bytes)
1657993142.303074 sending message 105 to peer 0x56295a856ca0 (19 bytes)
1657993142.303077 sending message 105 to peer 0x56295a856ca0 (10 bytes)
1657993142.303080 sending message 105 to peer 0x56295a856ca0 (12 bytes)
1657993142.303082 sending message 105 to peer 0x56295a856ca0 (11 bytes)
1657993142.303085 sending message 105 to peer 0x56295a856ca0 (1662 bytes)
1657993142.303089 sending message 105 to peer 0x56295a856ca0 (181 bytes)
1657993142.303092 sending message 105 to peer 0x56295a856ca0 (56 bytes)
1657993142.303095 sending message 105 to peer 0x56295a856ca0 (47 bytes)
1657993142.303098 sending message 105 to peer 0x56295a856ca0 (43 bytes)
1657993142.303100 sending message 105 to peer 0x56295a856ca0 (41 bytes)
1657993142.303103 sending message 105 to peer 0x56295a856ca0 (21 bytes)
1657993142.303106 sending message 105 to peer 0x56295a856ca0 (20 bytes)
1657993142.303109 sending message 105 to peer 0x56295a856ca0 (19 bytes)
1657993142.303112 sending message 105 to peer 0x56295a856ca0 (19 bytes)
1657993142.303115 sending message 105 to peer 0x56295a856ca0 (86 bytes)
1657993142.303117 sending message 105 to peer 0x56295a856ca0 (19 bytes)
1657993142.303120 sending message 105 to peer 0x56295a856ca0 (8 bytes)
1657993142.303123 sending message 105 to peer 0x56295a856ca0 (33 bytes)
1657993142.303126 sending message 105 to peer 0x56295a856ca0 (41 bytes)
1657993142.303129 sending message 105 to peer 0x56295a856ca0 (21 bytes)
1657993142.303132 sending message 105 to peer 0x56295a856ca0 (37 bytes)
1657993142.303134 sending message 105 to peer 0x56295a856ca0 (14 bytes)
1657993142.303137 sending message 105 to peer 0x56295a856ca0 (52 bytes)
1657993142.303140 sending message 105 to peer 0x56295a856ca0 (28 bytes)
1657993142.303143 sending message 105 to peer 0x56295a856ca0 (26 bytes)
1657993142.303146 sending message 105 to peer 0x56295a856ca0 (11 bytes)
1657993142.303149 sending message 105 to peer 0x56295a856ca0 (17 bytes)
1657993142.303151 sending message 105 to peer 0x56295a856ca0 (35 bytes)
1657993142.303154 sending message 105 to peer 0x56295a856ca0 (44 bytes)
1657993142.303157 sending message 105 to peer 0x56295a856ca0 (40 bytes)
1657993142.303160 sending message 105 to peer 0x56295a856ca0 (82 bytes)
1657993142.303163 sending message 105 to peer 0x56295a856ca0 (49 bytes)
1657993142.303166 sending message 105 to peer 0x56295a856ca0 (23 bytes)
1657993142.303168 sending message 105 to peer 0x56295a856ca0 (31 bytes)
1657993142.303171 sending message 105 to peer 0x56295a856ca0 (52 bytes)
1657993142.303174 sending message 105 to peer 0x56295a856ca0 (23 bytes)
1657993142.303177 sending message 105 to peer 0x56295a856ca0 (26 bytes)
1657993142.303180 sending message 105 to peer 0x56295a856ca0 (58 bytes)
1657993142.303183 sending message 105 to peer 0x56295a856ca0 (21 bytes)
1657993142.303185 sending message 105 to peer 0x56295a856ca0 (21 bytes)
1657993142.303188 sending message 105 to peer 0x56295a856ca0 (27 bytes)
1657993142.303191 sending message 105 to peer 0x56295a856ca0 (16 bytes)
1657993142.303194 sending message 105 to peer 0x56295a856ca0 (20 bytes)
1657993142.303197 sending message 106 to peer 0x56295a856ca0 (0 bytes)
1657993142.303200 sending message 200 to peer 0x56295a856ca0 (4 bytes)
1657993142.303203 client loop enter
1657993142.303571 peer 0x56295a856ca0 message 211
1657993142.303578 client_write: sessions should be nested with care, unset $TMUX to force\n
1657993142.303588 peer 0x56295a856ca0 message 203
1657993142.303598 client loop exit
